2023-03-25T20:27:25.491Z [ product_app ] error POST  - Codigo, descrção e preço são obrigatórios
2023-03-25T20:32:01.179Z [ product_app ] error POST  - notNull Violation: Produtos.id cannot be null
2023-03-25T20:32:47.852Z [ product_app ] info POST /produto - {"id":1,"codigo":"1","descricao":"mouse","preco":"50.89"}
2023-03-25T20:55:37.986Z [ product_app ] info POST /produto - {"id":2,"codigo":"2","descricao":"teclado","preco":"100.89"}
2023-03-25T20:56:54.334Z [ product_app ] info POST /produto - {"codigo":"2","descricao":"teclado","preco":100.89}
2023-03-25T20:58:18.530Z [ product_app ] info POST /produto - {"codigo":"2","descricao":"teclado","preco":100.89}
2023-03-25T20:59:57.474Z [ product_app ] info POST /produto - {"codigo":"2","descricao":"teclado","preco":100.89}
2023-03-25T21:01:40.032Z [ product_app ] info POST /produto - {"codigo":"2","descricao":"teclado","preco":100.89}
2023-03-25T21:02:11.625Z [ product_app ] info POST /produto - {"codigo":"2","descricao":"teclado","preco":100.89}
2023-03-25T21:12:16.741Z [ product_app ] info POST /produto - {"codigo":"2","descricao":"teclado","preco":100.89}
2023-03-25T21:12:42.750Z [ product_app ] info POST /produto - {"codigo":"2","descricao":"teclado","preco":100.89}
2023-03-25T21:13:22.018Z [ product_app ] info POST /produto - {"codigo":"2","descricao":"teclado","preco":100.89}
2023-03-25T21:13:53.621Z [ product_app ] info POST /produto - {"codigo":"2","descricao":"teclado","preco":100.89}
2023-03-26T15:21:41.237Z [ product_app ] error POST  - Cannot read properties of undefined (reading 'codigo')
2023-03-26T15:22:30.514Z [ product_app ] error POST  - Cannot read properties of undefined (reading 'codigo')
2023-03-26T15:22:54.138Z [ product_app ] info POST /produto - {"id":1,"codigo":"1","descricao":"mouse","preco":"45.89"}
2023-03-26T15:25:47.736Z [ product_app ] error POST  - Cannot read properties of undefined (reading 'codigo')
2023-03-26T15:40:38.084Z [ product_app ] error POST  - Cannot read properties of null (reading 'codigo')
2023-03-26T15:42:08.532Z [ product_app ] error POST  - Cannot read properties of null (reading 'codigo')
2023-03-26T15:43:21.183Z [ product_app ] error POST  - Cannot read properties of null (reading 'codigo')
2023-03-26T15:44:30.004Z [ product_app ] error POST  - Cannot read properties of null (reading 'codigo')
2023-03-26T15:44:41.845Z [ product_app ] error POST  - Cannot read properties of null (reading 'codigo')
2023-03-26T15:51:27.508Z [ product_app ] error POST  - codigo is not defined
2023-03-26T15:52:01.037Z [ product_app ] error POST  - codigo is not defined
2023-03-26T15:52:51.901Z [ product_app ] info POST /produto - {"id":2,"codigo":"2","descricao":"mouse","preco":"35.69"}
2023-03-26T15:54:45.931Z [ product_app ] info POST /produto - {"id":3,"codigo":"3","descricao":"pendrive 64gb","preco":"80"}
2023-03-26T15:55:34.483Z [ product_app ] info POST /produto - {"id":4,"codigo":"4","descricao":"pendrive 32gb","preco":"45"}
2023-03-26T15:56:56.430Z [ product_app ] info POST /produto - {"id":5,"codigo":"5","descricao":"pendrive 8gb","preco":"28"}
2023-03-26T16:01:46.726Z [ product_app ] info POST /produto - {"id":1,"codigo":"1","descricao":"pendrive 8gb","preco":28}
2023-03-26T16:02:24.760Z [ product_app ] info POST /produto - {"id":2,"codigo":"2","descricao":"mouse","preco":50.99}
2023-03-26T16:03:53.542Z [ product_app ] info POST /produto - {"id":3,"codigo":"3","descricao":"mouse","preco":55}
2023-03-26T16:21:27.434Z [ product_app ] info POST /produto - {"id":4,"codigo":"4","descricao":"Monitor 23 polegadas","preco":1236.99}
2023-03-26T17:56:06.346Z [ product_app ] info PUT /produto - {"codigo":"4","descricao":"Monitor 20 polegadas","preco":999.99}
2023-03-26T17:56:19.782Z [ product_app ] info PUT /produto - Produto não existe
2023-03-26T17:57:47.511Z [ product_app ] info PUT /produto - Produto não existe
2023-03-26T17:58:39.967Z [ product_app ] info PUT /produto - Produto não existe
2023-03-26T17:59:53.733Z [ product_app ] info PUT /produto - Produto não existe
2023-03-26T17:59:53.737Z [ product_app ] error PUT  - O produto não existe
2023-03-26T18:00:38.596Z [ product_app ] info PUT /produto - Produto não existe
2023-03-26T18:00:38.612Z [ product_app ] error PUT  - Cannot read properties of null (reading 'codigo')
2023-03-26T18:00:57.033Z [ product_app ] info PUT /produto - Produto não existe
2023-03-26T18:01:22.950Z [ product_app ] info PUT /produto - {"codigo":"4","descricao":"Monitor 20 polegadas","preco":999.99}
2023-03-26T18:02:21.406Z [ product_app ] error PUT  - Codigo, descrição e preço são obrigatórios
2023-03-26T18:06:44.172Z [ product_app ] info GET /produto Lista todos os produtos
2023-03-26T18:17:13.486Z [ product_app ] error DELETE  - WHERE parameter "codigo" has invalid "undefined" value
2023-03-26T18:17:48.373Z [ product_app ] info DELETE /produto - O produto informado não existe.
2023-03-26T18:17:54.437Z [ product_app ] info DELETE /produto - {"id":4,"codigo":"4","descricao":"Monitor 20 polegadas","preco":999.99}
2023-03-26T18:18:00.071Z [ product_app ] info GET /produto Lista todos os produtos
2023-03-26T22:17:08.769Z [ product_app ] info POST /produto - {"id":6,"codigo":"1","descricao":"mouse","preco":50.99}
2023-03-26T22:18:05.896Z [ product_app ] info POST /produto - {"id":7,"codigo":"1","descricao":"mouse","preco":50.99}
2023-03-26T22:25:19.784Z [ product_app ] info POST /produto - {"id":8,"codigo":"1","descricao":"mouse","preco":50.99}
2023-03-26T22:25:19.894Z [ product_app ] info POST /produto - {"id":9,"codigo":"1","descricao":"mouse","preco":50.99}
2023-03-26T22:25:19.943Z [ product_app ] info PUT /produto - O produto informado não existe.
2023-03-26T22:28:45.962Z [ product_app ] info POST /produto - {"id":10,"codigo":"1","descricao":"mouse","preco":50.99}
2023-03-26T22:28:46.113Z [ product_app ] info POST /produto - {"id":11,"codigo":"1","descricao":"mouse","preco":50.99}
2023-03-26T22:28:46.158Z [ product_app ] info PUT /produto - O produto informado não existe.
2023-03-27T11:58:17.947Z [ product_app ] info POST /produto - {"id":1,"codigo":"1","descricao":"mouse","preco":50.99}
2023-03-27T11:59:03.489Z [ product_app ] info PUT /produto - {"codigo":"1","descricao":"mouse","preco":50.85}
2023-03-27T11:59:09.375Z [ product_app ] info PUT /produto - O produto informado não existe.
2023-03-27T11:59:22.628Z [ product_app ] info POST /produto - {"id":2,"codigo":"2","descricao":"teclado","preco":152.75}
2023-03-27T12:00:09.583Z [ product_app ] info DELETE /produto - {"id":2,"codigo":"2","descricao":"teclado","preco":152.75}
2023-03-27T12:00:42.262Z [ product_app ] info GET /produto Lista todos os produtos
2023-03-27T12:00:53.386Z [ product_app ] info POST /produto - {"id":3,"codigo":"2","descricao":"teclado","preco":152.75}
2023-03-27T12:00:57.039Z [ product_app ] info GET /produto Lista todos os produtos
2023-03-27T12:09:42.301Z [ product_app ] info PUT /produto - {"codigo":"1","descricao":"teclado","preco":150.99}
2023-03-27T12:14:33.214Z [ product_app ] info POST /produto - {"id":4,"codigo":"2","descricao":"teclado","preco":152.75}
2023-03-27T12:15:58.935Z [ product_app ] info POST /produto - {"id":5,"codigo":"1","descricao":"mouse","preco":50.99}
2023-03-27T12:15:58.968Z [ product_app ] info PUT /produto - {"codigo":"2","descricao":"camera","preco":1500}
2023-03-27T12:21:18.972Z [ product_app ] info PUT /produto - {"codigo":"2","descricao":"camera","preco":1500}
2023-03-27T12:21:18.978Z [ product_app ] info GET /produto Lista todos os produtos
2023-03-27T12:21:46.101Z [ product_app ] info PUT /produto - {"codigo":"2","descricao":"camera","preco":1500}
2023-03-27T12:21:46.107Z [ product_app ] info GET /produto Lista todos os produtos
2023-03-27T12:22:14.649Z [ product_app ] info PUT /produto - {"codigo":"2","descricao":"camera","preco":1500}
2023-03-27T12:22:14.654Z [ product_app ] info GET /produto Lista todos os produtos
2023-03-27T12:23:40.990Z [ product_app ] info POST /produto - {"id":6,"codigo":"2","descricao":"teclado","preco":150.99}
2023-03-27T12:23:40.998Z [ product_app ] info PUT /produto - O produto informado não existe.
2023-03-27T12:23:41.005Z [ product_app ] info GET /produto Lista todos os produtos
2023-03-27T12:25:06.255Z [ product_app ] info POST /produto - {"id":7,"codigo":"2","descricao":"teclado","preco":150.99}
2023-03-27T12:25:27.526Z [ product_app ] info POST /produto - {"id":8,"codigo":"1","descricao":"mouse","preco":50.99}
2023-03-27T12:25:27.556Z [ product_app ] info PUT /produto - {"codigo":"2","descricao":"camera","preco":1500}
2023-03-27T12:25:27.561Z [ product_app ] info GET /produto Lista todos os produtos
2023-03-27T12:29:25.461Z [ product_app ] info POST /produto - {"id":9,"codigo":"1","descricao":"mouse","preco":50.99}
2023-03-27T12:29:25.494Z [ product_app ] info PUT /produto - {"codigo":"2","descricao":"camera","preco":1500}
2023-03-27T12:29:25.500Z [ product_app ] info GET /produto Lista todos os produtos
2023-03-27T12:30:14.429Z [ product_app ] info POST /produto - {"id":10,"codigo":"1","descricao":"mouse","preco":50.99}
2023-03-27T12:30:14.461Z [ product_app ] info PUT /produto - {"codigo":"2","descricao":"camera","preco":1500}
2023-03-27T12:30:14.467Z [ product_app ] info GET /produto Lista todos os produtos
2023-03-27T12:30:14.474Z [ product_app ] info DELETE /produto - O produto informado não existe.
2023-03-27T12:30:54.580Z [ product_app ] info POST /produto - {"id":11,"codigo":"1","descricao":"mouse","preco":50.99}
2023-03-27T12:30:54.613Z [ product_app ] info PUT /produto - {"codigo":"2","descricao":"camera","preco":1500}
2023-03-27T12:30:54.618Z [ product_app ] info GET /produto Lista todos os produtos
2023-03-27T12:30:54.624Z [ product_app ] info DELETE /produto - O produto informado não existe.
2023-03-27T12:32:13.755Z [ product_app ] info POST /produto - {"id":12,"codigo":"1","descricao":"mouse","preco":50.99}
2023-03-27T12:32:13.788Z [ product_app ] info PUT /produto - {"codigo":"2","descricao":"camera","preco":1500}
2023-03-27T12:32:13.794Z [ product_app ] info GET /produto Lista todos os produtos
2023-03-27T12:32:13.800Z [ product_app ] info DELETE /produto - O produto informado não existe.
2023-03-27T12:33:47.039Z [ product_app ] info POST /produto - {"id":13,"codigo":"1","descricao":"mouse","preco":50.99}
2023-03-27T12:33:47.073Z [ product_app ] info PUT /produto - {"codigo":"2","descricao":"camera","preco":1500}
2023-03-27T12:33:47.080Z [ product_app ] info GET /produto Lista todos os produtos
2023-03-27T12:33:47.089Z [ product_app ] info DELETE /produto - {"id":7,"codigo":"2","descricao":"camera","preco":1500}
2023-03-27T12:33:52.953Z [ product_app ] info POST /produto - {"id":14,"codigo":"1","descricao":"mouse","preco":50.99}
2023-03-27T12:33:52.975Z [ product_app ] info POST /produto - {"id":15,"codigo":"2","descricao":"teclado","preco":150.99}
2023-03-27T12:33:52.992Z [ product_app ] info PUT /produto - {"codigo":"2","descricao":"camera","preco":1500}
2023-03-27T12:33:52.997Z [ product_app ] info GET /produto Lista todos os produtos
2023-03-27T12:33:53.006Z [ product_app ] info DELETE /produto - {"id":15,"codigo":"2","descricao":"camera","preco":1500}
2023-03-27T12:34:51.185Z [ product_app ] info DELETE /produto - O produto informado não existe.
2023-03-27T12:35:13.446Z [ product_app ] info POST /produto - {"id":16,"codigo":"3","descricao":"pendrive","preco":36}
2023-03-27T12:36:24.347Z [ product_app ] info POST /produto - {"id":17,"codigo":"2","descricao":"teclado","preco":150.99}
2023-03-27T12:36:40.395Z [ product_app ] info POST /produto - {"id":18,"codigo":"1","descricao":"mouse","preco":50.99}
2023-03-27T12:36:40.416Z [ product_app ] info POST /produto - {"id":19,"codigo":"2","descricao":"teclado","preco":150.99}
2023-03-27T12:36:40.429Z [ product_app ] info PUT /produto - O produto informado não existe.
2023-03-27T12:36:40.435Z [ product_app ] info GET /produto Lista todos os produtos
2023-03-27T12:36:40.443Z [ product_app ] info DELETE /produto - {"id":16,"codigo":"3","descricao":"pendrive","preco":36}
2023-03-27T12:38:04.733Z [ product_app ] info POST /produto - {"id":20,"codigo":"2","descricao":"teclado","preco":150.99}
2023-03-27T12:38:20.746Z [ product_app ] info POST /produto - {"id":21,"codigo":"3","descricao":"pendrive","preco":36}
2023-03-27T12:40:32.692Z [ product_app ] info POST /produto - {"id":22,"codigo":"1","descricao":"pendrive","preco":36}
2023-03-27T12:41:25.426Z [ product_app ] info POST /produto - {"id":23,"codigo":"3","descricao":"mouse","preco":50.99}
2023-03-27T12:41:25.463Z [ product_app ] info PUT /produto - {"codigo":"2","descricao":"camera","preco":1500}
2023-03-27T12:41:25.469Z [ product_app ] info GET /produto Lista todos os produtos
2023-03-27T12:41:25.480Z [ product_app ] info DELETE /produto - {"id":22,"codigo":"1","descricao":"pendrive","preco":36}
2023-03-27T12:41:41.908Z [ product_app ] info POST /produto - {"id":24,"codigo":"3","descricao":"mouse","preco":50.99}
2023-03-27T12:41:41.949Z [ product_app ] info PUT /produto - {"codigo":"2","descricao":"camera","preco":1500}
2023-03-27T12:41:41.955Z [ product_app ] info GET /produto Lista todos os produtos
2023-03-27T12:41:41.962Z [ product_app ] info DELETE /produto - O produto informado não existe.
2023-03-27T12:43:12.626Z [ product_app ] info POST /produto - {"id":26,"codigo":"3","descricao":"mouse","preco":50.99}
2023-03-27T12:43:12.668Z [ product_app ] info PUT /produto - {"codigo":"2","descricao":"camera","preco":1500}
2023-03-27T12:43:12.677Z [ product_app ] info GET /produto Lista todos os produtos
2023-03-27T12:43:12.689Z [ product_app ] info DELETE /produto - {"id":25,"codigo":"1","descricao":"pendrive","preco":36}
2023-03-27T12:43:48.870Z [ product_app ] info GET /produto Lista todos os produtos
2023-03-27T12:44:37.685Z [ product_app ] info POST /produto - {"id":33,"codigo":"3","descricao":"mouse","preco":50.99}
2023-03-27T12:44:37.737Z [ product_app ] info PUT /produto - {"codigo":"2","descricao":"camera","preco":1500}
2023-03-27T12:44:37.748Z [ product_app ] info GET /produto Lista todos os produtos
2023-03-27T12:44:37.766Z [ product_app ] info DELETE /produto - {"id":31,"codigo":"1","descricao":"pendrive","preco":36}
2023-03-27T12:44:50.159Z [ product_app ] info POST /produto - {"id":42,"codigo":"3","descricao":"mouse","preco":50.99}
2023-03-27T12:44:50.194Z [ product_app ] info PUT /produto - {"codigo":"2","descricao":"camera","preco":1500}
2023-03-27T12:44:50.200Z [ product_app ] info GET /produto Lista todos os produtos
2023-03-27T12:44:50.207Z [ product_app ] info DELETE /produto - O produto informado não existe.
2023-03-27T12:45:16.530Z [ product_app ] info GET /produto Lista todos os produtos
2023-03-27T12:45:57.144Z [ product_app ] info GET /produto Lista todos os produtos
2023-03-27T12:46:15.828Z [ product_app ] info POST /produto - {"id":43,"codigo":"3","descricao":"mouse","preco":50.99}
2023-03-27T12:46:15.856Z [ product_app ] info POST /produto - {"id":44,"codigo":"2","descricao":"teclado","preco":150.99}
2023-03-27T12:46:15.870Z [ product_app ] info PUT /produto - {"codigo":"2","descricao":"camera","preco":1500}
2023-03-27T12:46:15.876Z [ product_app ] info GET /produto Lista todos os produtos
2023-03-27T12:46:15.884Z [ product_app ] info DELETE /produto - O produto informado não existe.
2023-03-27T12:46:49.962Z [ product_app ] info GET /produto Lista todos os produtos
2023-03-27T12:47:02.499Z [ product_app ] info POST /produto - {"id":46,"codigo":"3","descricao":"mouse","preco":50.99}
2023-03-27T12:47:02.530Z [ product_app ] info POST /produto - {"id":48,"codigo":"2","descricao":"teclado","preco":150.99}
2023-03-27T12:47:02.544Z [ product_app ] info PUT /produto - {"codigo":"2","descricao":"camera","preco":1500}
2023-03-27T12:47:02.553Z [ product_app ] info GET /produto Lista todos os produtos
2023-03-27T12:47:02.567Z [ product_app ] info DELETE /produto - {"id":45,"codigo":"1","descricao":"pendrive","preco":36}
2023-03-27T12:47:43.372Z [ product_app ] info POST /produto - {"id":52,"codigo":"3","descricao":"mouse","preco":50.99}
2023-03-27T12:47:43.401Z [ product_app ] info POST /produto - {"id":53,"codigo":"2","descricao":"teclado","preco":150.99}
2023-03-27T12:47:43.410Z [ product_app ] info PUT /produto - O produto informado não existe.
2023-03-27T12:47:43.416Z [ product_app ] info GET /produto Lista todos os produtos
2023-03-27T12:47:43.422Z [ product_app ] info DELETE /produto - O produto informado não existe.
2023-03-27T12:48:01.355Z [ product_app ] info GET /produto Lista todos os produtos
2023-03-27T12:48:01.944Z [ product_app ] info GET /produto Lista todos os produtos
2023-03-27T12:48:02.187Z [ product_app ] info GET /produto Lista todos os produtos
2023-03-27T12:48:02.396Z [ product_app ] info GET /produto Lista todos os produtos
2023-03-27T12:48:27.273Z [ product_app ] info POST /produto - {"id":54,"codigo":"3","descricao":"mouse","preco":50.99}
2023-03-27T12:48:27.297Z [ product_app ] info POST /produto - {"id":55,"codigo":"2","descricao":"teclado","preco":150.99}
2023-03-27T12:48:27.310Z [ product_app ] info PUT /produto - O produto informado não existe.
2023-03-27T12:48:27.316Z [ product_app ] info GET /produto Lista todos os produtos
2023-03-27T12:48:27.322Z [ product_app ] info DELETE /produto - O produto informado não existe.
2023-03-27T12:48:57.767Z [ product_app ] info POST /produto - {"id":56,"codigo":"3","descricao":"mouse","preco":50.99}
2023-03-27T12:48:57.788Z [ product_app ] info POST /produto - {"id":57,"codigo":"2","descricao":"teclado","preco":150.99}
2023-03-27T12:48:57.801Z [ product_app ] info PUT /produto - O produto informado não existe.
2023-03-27T12:48:57.807Z [ product_app ] info GET /produto Lista todos os produtos
2023-03-27T12:48:57.814Z [ product_app ] info DELETE /produto - O produto informado não existe.
2023-03-27T12:49:57.373Z [ product_app ] info POST /produto - {"id":59,"codigo":"3","descricao":"mouse","preco":50.99}
2023-03-27T12:49:57.397Z [ product_app ] info POST /produto - {"id":61,"codigo":"2","descricao":"teclado","preco":150.99}
2023-03-27T12:49:57.414Z [ product_app ] info PUT /produto - O produto informado não existe.
2023-03-27T12:49:57.424Z [ product_app ] info GET /produto Lista todos os produtos
2023-03-27T12:49:57.439Z [ product_app ] info DELETE /produto - {"id":64,"codigo":"1","descricao":"pendrive","preco":36}
2023-03-27T12:50:47.350Z [ product_app ] info POST /produto - {"id":67,"codigo":"3","descricao":"mouse","preco":50.99}
2023-03-27T12:50:47.396Z [ product_app ] info PUT /produto - {"codigo":"2","descricao":"camera","preco":1500}
2023-03-27T12:50:47.409Z [ product_app ] info GET /produto Lista todos os produtos
2023-03-27T12:50:47.425Z [ product_app ] info DELETE /produto - {"id":74,"codigo":"1","descricao":"pendrive","preco":36}
2023-03-27T12:50:56.168Z [ product_app ] info POST /produto - {"id":78,"codigo":"3","descricao":"mouse","preco":50.99}
2023-03-27T12:50:56.212Z [ product_app ] info PUT /produto - {"codigo":"2","descricao":"camera","preco":1500}
2023-03-27T12:50:56.226Z [ product_app ] info GET /produto Lista todos os produtos
2023-03-27T12:50:56.246Z [ product_app ] info DELETE /produto - {"id":85,"codigo":"1","descricao":"pendrive","preco":36}
